<?xml version="1.0" encoding="UTF-8"?>
<testsuite name="hello.TestBookController" tests="1" skipped="0" failures="0" errors="0" timestamp="2017-09-17T21:12:24" hostname="DESKTOP-MLEQ57V" time="0.221">
  <properties/>
  <testcase name="shouldReturnDesign" classname="hello.TestBookController" time="0.221"/>
  <system-out><![CDATA[2017-09-17 17:12:24.158  INFO 8808 --- [    Test worker] .b.t.c.SpringBootTestContextBootstrapper : Neither @ContextConfiguration nor @ContextHierarchy found for test class [hello.TestBookController], using SpringBootContextLoader
2017-09-17 17:12:24.159  INFO 8808 --- [    Test worker] o.s.t.c.support.AbstractContextLoader    : Could not detect default resource locations for test class [hello.TestBookController]: no resource found for suffixes {-context.xml, Context.groovy}.
2017-09-17 17:12:24.159  INFO 8808 --- [    Test worker] t.c.s.AnnotationConfigContextLoaderUtils : Could not detect default configuration classes for test class [hello.TestBookController]: TestBookController does not declare any static, non-private, non-final, nested classes annotated with @Configuration.
2017-09-17 17:12:24.164  INFO 8808 --- [    Test worker] .b.t.c.SpringBootTestContextBootstrapper : Found @SpringBootConfiguration hello.Application for test class hello.TestBookController
2017-09-17 17:12:24.167  INFO 8808 --- [    Test worker] .b.t.c.SpringBootTestContextBootstrapper : Loaded default TestExecutionListener class names from location [META-INF/spring.factories]: [org.springframework.boot.test.mock.mockito.MockitoTestExecutionListener, org.springframework.boot.test.mock.mockito.ResetMocksTestExecutionListener, org.springframework.boot.test.autoconfigure.restdocs.RestDocsTestExecutionListener, org.springframework.boot.test.autoconfigure.web.client.MockRestServiceServerResetTestExecutionListener, org.springframework.boot.test.autoconfigure.web.servlet.MockMvcPrintOnlyOnFailureTestExecutionListener, org.springframework.boot.test.autoconfigure.web.servlet.WebDriverTestExecutionListener, org.springframework.test.context.web.ServletTestExecutionListener, org.springframework.test.context.support.DirtiesContextBeforeModesTestExecutionListener, org.springframework.test.context.support.DependencyInjectionTestExecutionListener, org.springframework.test.context.support.DirtiesContextTestExecutionListener, org.springframework.test.context.transaction.TransactionalTestExecutionListener, org.springframework.test.context.jdbc.SqlScriptsTestExecutionListener]
2017-09-17 17:12:24.172  INFO 8808 --- [    Test worker] .b.t.c.SpringBootTestContextBootstrapper : Could not instantiate TestExecutionListener [org.springframework.test.context.transaction.TransactionalTestExecutionListener]. Specify custom listener classes or make the default listener classes (and their required dependencies) available. Offending class: [org/springframework/transaction/interceptor/TransactionAttributeSource]
2017-09-17 17:12:24.173  INFO 8808 --- [    Test worker] .b.t.c.SpringBootTestContextBootstrapper : Could not instantiate TestExecutionListener [org.springframework.test.context.jdbc.SqlScriptsTestExecutionListener]. Specify custom listener classes or make the default listener classes (and their required dependencies) available. Offending class: [org/springframework/transaction/interceptor/TransactionAttribute]
2017-09-17 17:12:24.173  INFO 8808 --- [    Test worker] .b.t.c.SpringBootTestContextBootstrapper : Using TestExecutionListeners: [org.springframework.test.context.web.ServletTestExecutionListener@1134cde, org.springframework.test.context.support.DirtiesContextBeforeModesTestExecutionListener@16484036, org.springframework.boot.test.autoconfigure.SpringBootDependencyInjectionTestExecutionListener@1ead36de, org.springframework.test.context.support.DirtiesContextTestExecutionListener@3ff10a45, org.springframework.boot.test.autoconfigure.web.client.MockRestServiceServerResetTestExecutionListener@241fc4d9, org.springframework.boot.test.mock.mockito.MockitoTestExecutionListener@7082699c, org.springframework.boot.test.mock.mockito.ResetMocksTestExecutionListener@7eeba94, org.springframework.boot.test.autoconfigure.restdocs.RestDocsTestExecutionListener@30fa3b0e, org.springframework.boot.test.autoconfigure.web.servlet.WebDriverTestExecutionListener@6a9918c4, org.springframework.boot.test.autoconfigure.web.servlet.MockMvcPrintOnlyOnFailureTestExecutionListener@9344282]
2017-09-17 17:12:24.254  INFO 8808 --- [    Test worker] ilder$StaticRequestMappingHandlerMapping : Mapped "{[/book]}" onto public hello.Book hello.BookController.getBook()
2017-09-17 17:12:24.290  INFO 8808 --- [    Test worker] s.w.s.m.m.a.RequestMappingHandlerAdapter : Looking for @ControllerAdvice: org.springframework.test.web.servlet.setup.StubWebApplicationContext@72c358bc
2017-09-17 17:12:24.302  INFO 8808 --- [    Test worker] o.s.mock.web.MockServletContext          : Initializing Spring FrameworkServlet ''
2017-09-17 17:12:24.303  INFO 8808 --- [    Test worker] o.s.t.web.servlet.TestDispatcherServlet  : FrameworkServlet '': initialization started
2017-09-17 17:12:24.307  INFO 8808 --- [    Test worker] o.s.t.web.servlet.TestDispatcherServlet  : FrameworkServlet '': initialization completed in 1 ms
]]></system-out>
  <system-err><![CDATA[]]></system-err>
</testsuite>
