<?xml version="1.0" encoding="UTF-8"?>
<testsuite name="hello.TestGreetingController" tests="2" skipped="0" failures="0" errors="0" timestamp="2017-09-17T21:12:24" hostname="DESKTOP-MLEQ57V" time="0.09">
  <properties/>
  <testcase name="shouldReturnJorge" classname="hello.TestGreetingController" time="0.039"/>
  <testcase name="shouldReturnWorld" classname="hello.TestGreetingController" time="0.049"/>
  <system-out><![CDATA[2017-09-17 17:12:24.446  INFO 8808 --- [    Test worker] .b.t.c.SpringBootTestContextBootstrapper : Neither @ContextConfiguration nor @ContextHierarchy found for test class [hello.TestGreetingController], using SpringBootContextLoader
2017-09-17 17:12:24.447  INFO 8808 --- [    Test worker] o.s.t.c.support.AbstractContextLoader    : Could not detect default resource locations for test class [hello.TestGreetingController]: no resource found for suffixes {-context.xml, Context.groovy}.
2017-09-17 17:12:24.447  INFO 8808 --- [    Test worker] t.c.s.AnnotationConfigContextLoaderUtils : Could not detect default configuration classes for test class [hello.TestGreetingController]: TestGreetingController does not declare any static, non-private, non-final, nested classes annotated with @Configuration.
2017-09-17 17:12:24.451  INFO 8808 --- [    Test worker] .b.t.c.SpringBootTestContextBootstrapper : Found @SpringBootConfiguration hello.Application for test class hello.TestGreetingController
2017-09-17 17:12:24.455  INFO 8808 --- [    Test worker] .b.t.c.SpringBootTestContextBootstrapper : Loaded default TestExecutionListener class names from location [META-INF/spring.factories]: [org.springframework.boot.test.mock.mockito.MockitoTestExecutionListener, org.springframework.boot.test.mock.mockito.ResetMocksTestExecutionListener, org.springframework.boot.test.autoconfigure.restdocs.RestDocsTestExecutionListener, org.springframework.boot.test.autoconfigure.web.client.MockRestServiceServerResetTestExecutionListener, org.springframework.boot.test.autoconfigure.web.servlet.MockMvcPrintOnlyOnFailureTestExecutionListener, org.springframework.boot.test.autoconfigure.web.servlet.WebDriverTestExecutionListener, org.springframework.test.context.web.ServletTestExecutionListener, org.springframework.test.context.support.DirtiesContextBeforeModesTestExecutionListener, org.springframework.test.context.support.DependencyInjectionTestExecutionListener, org.springframework.test.context.support.DirtiesContextTestExecutionListener, org.springframework.test.context.transaction.TransactionalTestExecutionListener, org.springframework.test.context.jdbc.SqlScriptsTestExecutionListener]
2017-09-17 17:12:24.460  INFO 8808 --- [    Test worker] .b.t.c.SpringBootTestContextBootstrapper : Could not instantiate TestExecutionListener [org.springframework.test.context.transaction.TransactionalTestExecutionListener]. Specify custom listener classes or make the default listener classes (and their required dependencies) available. Offending class: [org/springframework/transaction/interceptor/TransactionAttributeSource]
2017-09-17 17:12:24.461  INFO 8808 --- [    Test worker] .b.t.c.SpringBootTestContextBootstrapper : Could not instantiate TestExecutionListener [org.springframework.test.context.jdbc.SqlScriptsTestExecutionListener]. Specify custom listener classes or make the default listener classes (and their required dependencies) available. Offending class: [org/springframework/transaction/interceptor/TransactionAttribute]
2017-09-17 17:12:24.461  INFO 8808 --- [    Test worker] .b.t.c.SpringBootTestContextBootstrapper : Using TestExecutionListeners: [org.springframework.test.context.web.ServletTestExecutionListener@2e2e6c6, org.springframework.test.context.support.DirtiesContextBeforeModesTestExecutionListener@599314c0, org.springframework.boot.test.autoconfigure.SpringBootDependencyInjectionTestExecutionListener@49720414, org.springframework.test.context.support.DirtiesContextTestExecutionListener@294a2bf6, org.springframework.boot.test.autoconfigure.web.client.MockRestServiceServerResetTestExecutionListener@3c8b3ccf, org.springframework.boot.test.mock.mockito.MockitoTestExecutionListener@7d7f0a8a, org.springframework.boot.test.mock.mockito.ResetMocksTestExecutionListener@24f4f395, org.springframework.boot.test.autoconfigure.restdocs.RestDocsTestExecutionListener@5c196966, org.springframework.boot.test.autoconfigure.web.servlet.WebDriverTestExecutionListener@39914b6e, org.springframework.boot.test.autoconfigure.web.servlet.MockMvcPrintOnlyOnFailureTestExecutionListener@3c3f2d8c]
2017-09-17 17:12:24.470  INFO 8808 --- [    Test worker] ilder$StaticRequestMappingHandlerMapping : Mapped "{[/greeting]}" onto public hello.Greeting hello.GreetingController.greetings(java.lang.String)
2017-09-17 17:12:24.483  INFO 8808 --- [    Test worker] s.w.s.m.m.a.RequestMappingHandlerAdapter : Looking for @ControllerAdvice: org.springframework.test.web.servlet.setup.StubWebApplicationContext@28911510
2017-09-17 17:12:24.488  INFO 8808 --- [    Test worker] o.s.mock.web.MockServletContext          : Initializing Spring FrameworkServlet ''
2017-09-17 17:12:24.488  INFO 8808 --- [    Test worker] o.s.t.web.servlet.TestDispatcherServlet  : FrameworkServlet '': initialization started
2017-09-17 17:12:24.489  INFO 8808 --- [    Test worker] o.s.t.web.servlet.TestDispatcherServlet  : FrameworkServlet '': initialization completed in 1 ms
2017-09-17 17:12:24.512  INFO 8808 --- [    Test worker] ilder$StaticRequestMappingHandlerMapping : Mapped "{[/greeting]}" onto public hello.Greeting hello.GreetingController.greetings(java.lang.String)
2017-09-17 17:12:24.532  INFO 8808 --- [    Test worker] s.w.s.m.m.a.RequestMappingHandlerAdapter : Looking for @ControllerAdvice: org.springframework.test.web.servlet.setup.StubWebApplicationContext@567d808d
2017-09-17 17:12:24.540  INFO 8808 --- [    Test worker] o.s.mock.web.MockServletContext          : Initializing Spring FrameworkServlet ''
2017-09-17 17:12:24.540  INFO 8808 --- [    Test worker] o.s.t.web.servlet.TestDispatcherServlet  : FrameworkServlet '': initialization started
2017-09-17 17:12:24.544  INFO 8808 --- [    Test worker] o.s.t.web.servlet.TestDispatcherServlet  : FrameworkServlet '': initialization completed in 3 ms
]]></system-out>
  <system-err><![CDATA[]]></system-err>
</testsuite>
